This is pdfTeX, Version 3.141592653-2.6-1.40.24 (MiKTeX 21.12) (preloaded format=pdflatex 2022.2.11)  11 FEB 2022 15:32
entering extended mode
 restricted \write18 enabled.
 %&-line parsing enabled.
**"C:/Users/staff/Desktop/MCA (3 Members) Mini Project Report Template/declarat
ion.tex"

(C:/Users/staff/Desktop/MCA (3 Members) Mini Project Report Template/declaratio
n.tex
LaTeX2e <2021-11-15> patch level 1
L3 programming layer <2021-11-22>
! Undefined control sequence.
l.2 \chapter
            *{Declaration}
? 
! Emergency stop.
l.2 
    
End of file on the terminal!

 
Here is how much of TeX's memory you used:
 19 strings out of 478659
 636 string characters out of 2855777
 295559 words of memory out of 3000000
 18225 multiletter control sequences out of 15000+600000
 403430 words of font info for 27 fonts, out of 8000000 for 9000
 1141 hyphenation exceptions out of 8191
 13i,0n,12p,138b,10s stack positions out of 5000i,500n,10000p,200000b,80000s
!  ==> Fatal error occurred, no output PDF file produced!
